<?xml version="1.0" encoding="UTF-8"?>
<testng-results skipped="0" failed="0" ignored="0" total="3" passed="3">
  <reporter-output>
  </reporter-output>
  <suite name="Default suite" duration-ms="83628" started-at="2019-11-17T08:37:08Z" finished-at="2019-11-17T08:38:32Z">
    <groups>
    </groups>
    <test name="Default test" duration-ms="83628" started-at="2019-11-17T08:37:08Z" finished-at="2019-11-17T08:38:32Z">
      <class name="Tests.Tests">
        <test-method status="PASS" signature="reportSetup()[pri:0, instance:Tests.Tests@1e6d1014]" name="reportSetup" is-config="true" duration-ms="535" started-at="2019-11-17T08:37:08Z" finished-at="2019-11-17T08:37:08Z">
          <reporter-output>
          </reporter-output>
        </test-method> <!-- reportSetup -->
        <test-method status="PASS" signature="setup()[pri:0, instance:Tests.Tests@1e6d1014]" name="setup" is-config="true" duration-ms="44839" started-at="2019-11-17T08:37:08Z" finished-at="2019-11-17T08:37:53Z">
          <reporter-output>
          </reporter-output>
        </test-method> <!-- setup -->
        <test-method status="PASS" signature="loginTest()[pri:0, instance:Tests.Tests@1e6d1014]" name="loginTest" duration-ms="20736" started-at="2019-11-17T08:37:53Z" finished-at="2019-11-17T08:38:14Z">
          <reporter-output>
          </reporter-output>
        </test-method> <!-- loginTest -->
        <test-method status="PASS" signature="testOne()[pri:0, instance:Tests.Tests@1e6d1014]" name="testOne" duration-ms="9636" started-at="2019-11-17T08:38:14Z" finished-at="2019-11-17T08:38:23Z">
          <reporter-output>
          </reporter-output>
        </test-method> <!-- testOne -->
        <test-method status="PASS" signature="testTwo()[pri:0, instance:Tests.Tests@1e6d1014]" name="testTwo" duration-ms="5568" started-at="2019-11-17T08:38:23Z" finished-at="2019-11-17T08:38:29Z">
          <reporter-output>
          </reporter-output>
        </test-method> <!-- testTwo -->
        <test-method status="PASS" signature="tearDown()[pri:0, instance:Tests.Tests@1e6d1014]" name="tearDown" is-config="true" duration-ms="2725" started-at="2019-11-17T08:38:29Z" finished-at="2019-11-17T08:38:32Z">
          <reporter-output>
          </reporter-output>
        </test-method> <!-- tearDown -->
        <test-method status="PASS" signature="reportTearDown()[pri:0, instance:Tests.Tests@1e6d1014]" name="reportTearDown" is-config="true" duration-ms="3196" started-at="2019-11-17T08:38:32Z" finished-at="2019-11-17T08:38:35Z">
          <reporter-output>
          </reporter-output>
        </test-method> <!-- reportTearDown -->
      </class> <!-- Tests.Tests -->
    </test> <!-- Default test -->
  </suite> <!-- Default suite -->
</testng-results>
